C:\Program Files\Microsoft Visual Studio\2022\Community\MSBuild\Microsoft\VC\v170\Microsoft.CppBuild.targets(1116,5): warning MSB8027: 名为 GameManager.cpp 的两个或更多文件将生成到同一位置的输出。这会导致错误的生成结果。   调用的文件是 pvz\src\framework\GameManager.cpp, src\framework\GameManager.cpp。
C:\Program Files\Microsoft Visual Studio\2022\Community\MSBuild\Microsoft\VC\v170\Microsoft.CppBuild.targets(1116,5): warning MSB8027: 名为 ObjectBase.cpp 的两个或更多文件将生成到同一位置的输出。这会导致错误的生成结果。   调用的文件是 pvz\src\framework\ObjectBase.cpp, src\framework\ObjectBase.cpp。
C:\Program Files\Microsoft Visual Studio\2022\Community\MSBuild\Microsoft\VC\v170\Microsoft.CppBuild.targets(1116,5): warning MSB8027: 名为 SpriteManager.cpp 的两个或更多文件将生成到同一位置的输出。这会导致错误的生成结果。   调用的文件是 pvz\src\framework\SpriteManager.cpp, src\framework\SpriteManager.cpp。
C:\Program Files\Microsoft Visual Studio\2022\Community\MSBuild\Microsoft\VC\v170\Microsoft.CppBuild.targets(1116,5): warning MSB8027: 名为 WorldBase.cpp 的两个或更多文件将生成到同一位置的输出。这会导致错误的生成结果。   调用的文件是 pvz\src\framework\WorldBase.cpp, src\framework\WorldBase.cpp。
C:\Program Files\Microsoft Visual Studio\2022\Community\MSBuild\Microsoft\VC\v170\Microsoft.CppBuild.targets(1116,5): warning MSB8027: 名为 GameObject.cpp 的两个或更多文件将生成到同一位置的输出。这会导致错误的生成结果。   调用的文件是 pvz\src\gameobject\GameObject.cpp, src\gameobject\GameObject.cpp。
C:\Program Files\Microsoft Visual Studio\2022\Community\MSBuild\Microsoft\VC\v170\Microsoft.CppBuild.targets(1116,5): warning MSB8027: 名为 GameWorld.cpp 的两个或更多文件将生成到同一位置的输出。这会导致错误的生成结果。   调用的文件是 pvz\src\gameworld\GameWorld.cpp, src\gameworld\GameWorld.cpp。
C:\Program Files\Microsoft Visual Studio\2022\Community\MSBuild\Microsoft\VC\v170\Microsoft.CppBuild.targets(1116,5): warning MSB8027: 名为 main.cpp 的两个或更多文件将生成到同一位置的输出。这会导致错误的生成结果。   调用的文件是 pvz\src\main.cpp, src\main.cpp。
  CMakeCXXCompilerId.cpp
  GameManager.cpp
C:\Bertram Rowen\texts\code\C\Proj_pvz\pvz\src\framework\ObjectBase.hpp(7,10): fatal  error C1083: 无法打开包括文件: “utils.hpp”: No such file or directory
  ObjectBase.cpp
C:\Bertram Rowen\texts\code\C\Proj_pvz\pvz\src\framework\ObjectBase.hpp(7,10): fatal  error C1083: 无法打开包括文件: “utils.hpp”: No such file or directory
  SpriteManager.cpp
C:\Program Files\Microsoft Visual Studio\2022\Community\VC\Tools\MSVC\14.36.32532\include\filesystem(13): warning STL4038: The contents of <filesystem> are available only with C++17 or later.
C:\Bertram Rowen\texts\code\C\Proj_pvz\pvz\src\framework\SpriteManager.hpp(8,10): fatal  error C1083: 无法打开包括文件: “GL/glut.h”: No such file or directory
  WorldBase.cpp
C:\Bertram Rowen\texts\code\C\Proj_pvz\pvz\src\framework\WorldBase.hpp(8,10): fatal  error C1083: 无法打开包括文件: “GL/freeglut.h”: No such file or directory
  GameObject.cpp
C:\Bertram Rowen\texts\code\C\Proj_pvz\pvz\src\gameobject\GameObject.hpp(6,10): fatal  error C1083: 无法打开包括文件: “./Framework/ObjectBase.hpp”: No such file or directory
  GameWorld.cpp
C:\Bertram Rowen\texts\code\C\Proj_pvz\pvz\src\gameworld\GameWorld.hpp(7,10): fatal  error C1083: 无法打开包括文件: “./Framework/WorldBase.hpp”: No such file or directory
  main.cpp
C:\Bertram Rowen\texts\code\C\Proj_pvz\pvz\src\main.cpp(3,10): fatal  error C1083: 无法打开包括文件: “GameManager.hpp”: No such file or directory
  GameManager.cpp
C:\Bertram Rowen\texts\code\C\Proj_pvz\src\framework\ObjectBase.hpp(7,10): fatal  error C1083: 无法打开包括文件: “utils.hpp”: No such file or directory
  ObjectBase.cpp
C:\Bertram Rowen\texts\code\C\Proj_pvz\src\framework\ObjectBase.hpp(7,10): fatal  error C1083: 无法打开包括文件: “utils.hpp”: No such file or directory
  SpriteManager.cpp
C:\Program Files\Microsoft Visual Studio\2022\Community\VC\Tools\MSVC\14.36.32532\include\filesystem(13): warning STL4038: The contents of <filesystem> are available only with C++17 or later.
C:\Bertram Rowen\texts\code\C\Proj_pvz\src\framework\SpriteManager.hpp(8,10): fatal  error C1083: 无法打开包括文件: “GL/glut.h”: No such file or directory
  WorldBase.cpp
C:\Bertram Rowen\texts\code\C\Proj_pvz\src\framework\WorldBase.hpp(8,10): fatal  error C1083: 无法打开包括文件: “GL/freeglut.h”: No such file or directory
  GameObject.cpp
C:\Bertram Rowen\texts\code\C\Proj_pvz\src\gameobject\GameObject.cpp(1,1): error C2059: 语法错误:“常数”
C:\Program Files\Microsoft Visual Studio\2022\Community\VC\Tools\MSVC\14.36.32532\include\sal.h(2361,12): error C2143: 语法错误: 缺少“;”(在“{”的前面)
C:\Program Files\Microsoft Visual Studio\2022\Community\VC\Tools\MSVC\14.36.32532\include\sal.h(2361,12): error C2447: “{”: 缺少函数标题(是否是老式的形式表?)
C:\Bertram Rowen\texts\code\C\Proj_pvz\src\gameobject\GameObject.hpp(6,10): fatal  error C1083: 无法打开包括文件: “./Framework/ObjectBase.hpp”: No such file or directory
  GameWorld.cpp
C:\Bertram Rowen\texts\code\C\Proj_pvz\src\gameworld\GameWorld.hpp(7,10): fatal  error C1083: 无法打开包括文件: “./Framework/WorldBase.hpp”: No such file or directory
  main.cpp
C:\Bertram Rowen\texts\code\C\Proj_pvz\src\main.cpp(3,10): fatal  error C1083: 无法打开包括文件: “GameManager.hpp”: No such file or directory
  正在生成代码...
